<?xml version="1.0" encoding="UTF-8"?>
<!-- Generated by org.testng.reporters.JUnitXMLReporter -->
<testsuite ignored="1" hostname="DESKTOP-JEI5SMR" failures="0" tests="6" name="Default test" time="71.038" errors="0" timestamp="10 Oct 2021 16:32:50 GMT">
  <testcase classname="com.sriram.project.SeleniumTestUsingTestNG" name="navigateAndGetTitle" time="17.662"/>
  <testcase classname="com.sriram.project.SeleniumTestUsingTestNG" name="login" time="10.214"/>
  <testcase classname="com.sriram.project.SeleniumTestUsingTestNG" name="creativeTab" time="1.781"/>
  <testcase classname="com.sriram.project.SeleniumTestUsingTestNG" name="getImageNameAndCheckDuplicate" time="10.106"/>
  <testcase classname="com.sriram.project.SeleniumTestUsingTestNG" name="createBoard" time="2.74"/>
  <testcase classname="com.sriram.project.SeleniumTestUsingTestNG" name="addImageAndVerify" time="28.499"/>
  <testcase classname="com.sriram.project.SeleniumTestUsingTestNG" name="register" time="0.0">
    <ignored/>
  </testcase> <!-- register -->
</testsuite> <!-- Default test -->
